<?xml version="1.0" encoding="UTF-8"?>
<testsuite name="parser.RegularParserTest" tests="11" skipped="0" failures="0" errors="0" timestamp="2023-04-25T20:24:37" hostname="Juans-MacBook-Air.local" time="0.185">
  <properties/>
  <testcase name="declarationTest()" classname="parser.RegularParserTest" time="0.102"/>
  <testcase name="invalidMethodCallSyntaxTest()" classname="parser.RegularParserTest" time="0.007"/>
  <testcase name="declarationInitializationTest()" classname="parser.RegularParserTest" time="0.013"/>
  <testcase name="invalidDeclarationSyntaxTest()" classname="parser.RegularParserTest" time="0.008"/>
  <testcase name="unclosedParenthesisTest()" classname="parser.RegularParserTest" time="0.01"/>
  <testcase name="operationTest()" classname="parser.RegularParserTest" time="0.006"/>
  <testcase name="methodCallTest()" classname="parser.RegularParserTest" time="0.006"/>
  <testcase name="invalidDeclarationInitializationSyntaxTest()" classname="parser.RegularParserTest" time="0.007"/>
  <testcase name="invalidAssignationSyntaxTest()" classname="parser.RegularParserTest" time="0.004"/>
  <testcase name="assignationTest()" classname="parser.RegularParserTest" time="0.002"/>
  <testcase name="twoOperatorsTogetherTest()" classname="parser.RegularParserTest" time="0.004"/>
  <system-out><![CDATA[]]></system-out>
  <system-err><![CDATA[]]></system-err>
</testsuite>
