<?xml version="1.0" encoding="UTF-8"?>
<testsuite name="RegularFormatterTest" tests="4" skipped="0" failures="0" errors="0" timestamp="2023-04-25T20:17:49" hostname="Juans-MacBook-Air.local" time="0.224">
  <properties/>
  <testcase name="declarationTest()" classname="RegularFormatterTest" time="0.197"/>
  <testcase name="declarationInitializationOperation()" classname="RegularFormatterTest" time="0.01"/>
  <testcase name="declarationInitializationTest()" classname="RegularFormatterTest" time="0.004"/>
  <testcase name="methodCallTest()" classname="RegularFormatterTest" time="0.006"/>
  <system-out><![CDATA[]]></system-out>
  <system-err><![CDATA[]]></system-err>
</testsuite>
